<?xml version="1.0" encoding="UTF-8"?>
<!-- Generated by org.testng.reporters.JUnitReportReporter -->
<testsuite hostname="User-PC" failures="0" tests="1" name="utilities.excelUtility" time="3.090" errors="0" timestamp="2021-11-13T16:00:17 IST" skipped="0">
  <testcase classname="utilities.excelUtility" name="excelRead" time="3.090"/>
  <system-out/>
</testsuite> <!-- utilities.excelUtility -->
